app/build/intermediates/manifest_merge_blame_file/debug/manifest-merger-blame-debug-report.txt
1<?xml version="1.0" encoding="utf-8"?>
2<manifest xmlns:android="http://schemas.android.com/apk/res/android"
3    package="com.example.trevt.navigationbar"
4    android:versionCode="1"
5    android:versionName="1.0" >
6
7    <uses-sdk
8        android:minSdkVersion="23"
8-->src\main\AndroidManifest.xml
9        android:targetSdkVersion="27" />
9-->src\main\AndroidManifest.xml
10
11    <uses-permission android:name="android.permission.INTERNET" />
11-->src\main\AndroidManifest.xml:5:5-67
11-->src\main\AndroidManifest.xml:5:22-64
12
13    <uses-feature
13-->[com.google.vr:sdk-base:1.10.0] AndroidManifest.xml:6:5-77
14        android:glEsVersion="0x00020000"
14-->[com.google.vr:sdk-base:1.10.0] AndroidManifest.xml:6:19-51
15        android:required="true" /> <!-- Required to read/write the paired viewer's distortion parameters. -->
15-->[com.google.vr:sdk-base:1.10.0] AndroidManifest.xml:6:52-75
16    <uses-permission android:name="android.permission.READ_EXTERNAL_STORAGE" />
16-->[com.google.vr:sdk-base:1.10.0] AndroidManifest.xml:9:5-79
16-->[com.google.vr:sdk-base:1.10.0] AndroidManifest.xml:9:22-77
17    <uses-permission android:name="android.permission.WRITE_EXTERNAL_STORAGE" /> <!-- Indicates use of Android's VR-mode, available only on Android N+. -->
17-->[com.google.vr:sdk-base:1.10.0] AndroidManifest.xml:10:5-80
17-->[com.google.vr:sdk-base:1.10.0] AndroidManifest.xml:10:22-78
18    <uses-feature
18-->[com.google.vr:sdk-base:1.10.0] AndroidManifest.xml:13:5-85
19        android:name="android.software.vr.mode"
19-->[com.google.vr:sdk-base:1.10.0] AndroidManifest.xml:13:19-58
20        android:required="false" /> <!-- Indicates use of VR features that are available only on Daydream-ready devices. -->
20-->[com.google.vr:sdk-base:1.10.0] AndroidManifest.xml:13:59-83
21    <uses-feature
21-->[com.google.vr:sdk-base:1.10.0] AndroidManifest.xml:15:5-97
22        android:name="android.hardware.vr.high_performance"
22-->[com.google.vr:sdk-base:1.10.0] AndroidManifest.xml:15:19-70
23        android:required="false" />
23-->[com.google.vr:sdk-base:1.10.0] AndroidManifest.xml:15:71-95
24
25    <application
25-->src\main\AndroidManifest.xml:7:5-30:19
26        android:allowBackup="true"
26-->src\main\AndroidManifest.xml:8:9-35
27        android:debuggable="true"
28        android:icon="@mipmap/ic_launcher"
28-->src\main\AndroidManifest.xml:9:9-43
29        android:label="@string/app_name"
29-->src\main\AndroidManifest.xml:10:9-41
30        android:roundIcon="@mipmap/ic_launcher_round"
30-->src\main\AndroidManifest.xml:11:9-54
31        android:supportsRtl="true"
31-->src\main\AndroidManifest.xml:12:9-35
32        android:testOnly="true"
33        android:theme="@style/AppTheme" >
33-->src\main\AndroidManifest.xml:13:9-40
34        <activity android:name="com.example.trevt.navigationbar.Login.activity_signinn" />
34-->src\main\AndroidManifest.xml:14:9-69
34-->src\main\AndroidManifest.xml:14:19-57
35        <activity
35-->src\main\AndroidManifest.xml:15:9-18:59
36            android:name="com.example.trevt.navigationbar.MainActivity"
36-->src\main\AndroidManifest.xml:16:13-41
37            android:label="Main ACtivity"
37-->src\main\AndroidManifest.xml:17:13-42
38            android:theme="@style/AppTheme.NoActionBar" />
38-->src\main\AndroidManifest.xml:18:13-56
39        <activity android:name="com.example.trevt.navigationbar.VrPanoramicView.tampilan360" />
39-->src\main\AndroidManifest.xml:19:9-65
39-->src\main\AndroidManifest.xml:19:19-62
40        <activity android:name="com.example.trevt.navigationbar.DetailWisata.Detail_wisata" />
40-->src\main\AndroidManifest.xml:20:9-64
40-->src\main\AndroidManifest.xml:20:19-61
41        <activity
41-->src\main\AndroidManifest.xml:21:9-29:20
42            android:name="com.example.trevt.navigationbar.Login.activity_signup"
42-->src\main\AndroidManifest.xml:22:13-50
43            android:label="@string/app_name" >
43-->src\main\AndroidManifest.xml:23:13-45
44            <intent-filter>
44-->src\main\AndroidManifest.xml:24:13-28:29
45                <action android:name="android.intent.action.MAIN" />
45-->src\main\AndroidManifest.xml:25:17-69
45-->src\main\AndroidManifest.xml:25:25-66
46
47                <category android:name="android.intent.category.LAUNCHER" />
47-->src\main\AndroidManifest.xml:27:17-77
47-->src\main\AndroidManifest.xml:27:27-74
48            </intent-filter>
49        </activity>
50    </application>
51
52</manifest>